<?xml version="1.0" encoding="UTF-8"?>
<testng-results ignored="0" total="2" passed="2" failed="0" skipped="0">
  <reporter-output>
  </reporter-output>
  <suite started-at="2023-05-17T21:03:41 IST" name="Suite" finished-at="2023-05-17T21:04:31 IST" duration-ms="49801">
    <groups>
    </groups>
    <test started-at="2023-05-17T21:03:41 IST" name="Test" finished-at="2023-05-17T21:04:31 IST" duration-ms="49801">
      <class name="api.test.UserTests">
        <test-method is-config="true" signature="setup()[pri:0, instance:api.test.UserTests@32eff876]" started-at="2023-05-17T21:03:43 IST" name="setup" finished-at="2023-05-17T21:03:56 IST" duration-ms="12713" status="PASS">
          <reporter-output>
          </reporter-output>
        </test-method> <!-- setup -->
        <test-method signature="testPostUser()[pri:1, instance:api.test.UserTests@32eff876]" started-at="2023-05-17T21:03:56 IST" name="testPostUser" finished-at="2023-05-17T21:04:27 IST" duration-ms="30810" status="PASS">
          <reporter-output>
          </reporter-output>
        </test-method> <!-- testPostUser -->
        <test-method signature="testGetUserByName()[pri:2, instance:api.test.UserTests@32eff876]" started-at="2023-05-17T21:04:27 IST" name="testGetUserByName" finished-at="2023-05-17T21:04:31 IST" duration-ms="3334" status="PASS">
          <reporter-output>
          </reporter-output>
        </test-method> <!-- testGetUserByName -->
      </class> <!-- api.test.UserTests -->
    </test> <!-- Test -->
  </suite> <!-- Suite -->
</testng-results>
