<?xml version="1.0" encoding="UTF-8"?>
<testsuite xmlns:xsi="http://www.w3.org/2001/XMLSchema-instance" xsi:noNamespaceSchemaLocation="https://maven.apache.org/surefire/maven-surefire-plugin/xsd/surefire-test-report-3.0.xsd" version="3.0" name="api.test.UserTests" time="24.675" tests="2" errors="0" skipped="0" failures="0">
  <properties>
[...]
</properties>
  <testcase name="testPostUser" classname="api.test.UserTests" time="9.87">
    <system-out><![CDATA[DEBUG StatusConsoleListener Apache Log4j Core 2.20 initializing configuration XmlConfiguration[location=C:\Users\ashin\eclipse-workspace\Reassured_Petstore_project\target\test-classes\log4j2.xml]
DEBUG StatusConsoleListener PluginManager 'Core' found 130 plugins
DEBUG StatusConsoleListener PluginManager 'Level' found 0 plugins
DEBUG StatusConsoleListener Building Plugin[name=property, class=org.apache.logging.log4j.core.config.Property].
DEBUG StatusConsoleListener PluginManager 'TypeConverter' found 26 plugins
DEBUG StatusConsoleListener createProperty(name="filename", value="target/rolling1/rollingtest-$${sd:type}.log", Configuration(RoutingTest))
DEBUG StatusConsoleListener Building Plugin[name=properties, class=org.apache.logging.log4j.core.config.PropertiesPlugin].
DEBUG StatusConsoleListener configureSubstitutor(={filename=target/rolling1/rollingtest-${sd:type}.log}, Configuration(RoutingTest))
DEBUG StatusConsoleListener PluginManager 'Lookup' found 16 plugins
DEBUG StatusConsoleListener Building Plugin[name=filter, class=org.apache.logging.log4j.core.filter.ThresholdFilter].
DEBUG StatusConsoleListener createFilter(level="DEBUG", onMatch="null", onMismatch="null")
DEBUG StatusConsoleListener Building Plugin[name=layout, class=org.apache.logging.log4j.core.layout.PatternLayout].
DEBUG StatusConsoleListener PatternLayout$Builder(pattern="%m%n", PatternSelector=null, Configuration(RoutingTest), Replace=null, charset="null", alwaysWriteExceptions="null", disableAnsi="null", noConsoleNoAnsi="null", header="null", footer="null")
DEBUG StatusConsoleListener PluginManager 'Converter' found 45 plugins
DEBUG StatusConsoleListener Building Plugin[name=filter, class=org.apache.logging.log4j.core.filter.ThresholdFilter].
DEBUG StatusConsoleListener createFilter(level="DEBUG", onMatch="null", onMismatch="null")
DEBUG StatusConsoleListener Building Plugin[name=appender, class=org.apache.logging.log4j.core.appender.ConsoleAppender].
DEBUG StatusConsoleListener ConsoleAppender$Builder(target="null", follow="null", direct="null", bufferedIo="null", bufferSize="null", immediateFlush="null", ignoreExceptions="null", PatternLayout(%m%n), name="STDOUT", Configuration(RoutingTest), ThresholdFilter(DEBUG), ={})
DEBUG StatusConsoleListener Starting OutputStreamManager SYSTEM_OUT.false.false
DEBUG StatusConsoleListener Building Plugin[name=Route, class=org.apache.logging.log4j.core.appender.routing.Route].
DEBUG StatusConsoleListener createRoute(ref="null", key="null", Node=Route)
DEBUG StatusConsoleListener Building Plugin[name=Route, class=org.apache.logging.log4j.core.appender.routing.Route].
DEBUG StatusConsoleListener createRoute(ref="STDOUT", key="Audit", Node=Route)
DEBUG StatusConsoleListener Building Plugin[name=Routes, class=org.apache.logging.log4j.core.appender.routing.Routes].
DEBUG StatusConsoleListener Routes$Builder(Configuration(RoutingTest), pattern="${sd:type}", Script=null, ={Route(type=dynamic - type=Route default), Route(type=static Reference=STDOUT key='Audit')})
DEBUG StatusConsoleListener Building Plugin[name=appender, class=org.apache.logging.log4j.core.appender.routing.RoutingAppender].
DEBUG StatusConsoleListener RoutingAppender$Builder(Script=null, Routes({Route(type=dynamic - type=Route default),Route(type=static Reference=STDOUT key='Audit')}), RewritePolicy=null, PurgePolicy=null, ignoreExceptions="null", Layout=null, name="Routing", Configuration(RoutingTest), Filter=null, ={})
DEBUG StatusConsoleListener Building Plugin[name=appenders, class=org.apache.logging.log4j.core.config.AppendersPlugin].
DEBUG StatusConsoleListener createAppenders(={STDOUT, Routing})
DEBUG StatusConsoleListener Building Plugin[name=AppenderRef, class=org.apache.logging.log4j.core.config.AppenderRef].
DEBUG StatusConsoleListener createAppenderRef(ref="Routing", level="null", Filter=null)
DEBUG StatusConsoleListener Building Plugin[name=logger, class=org.apache.logging.log4j.core.config.LoggerConfig].
DEBUG StatusConsoleListener LoggerConfig$Builder(additivity="false", level="INFO", levelAndRefs="null", name="EventLogger", includeLocation="null", ={Routing}, ={}, Configuration(RoutingTest), Filter=null)
DEBUG StatusConsoleListener Building Plugin[name=AppenderRef, class=org.apache.logging.log4j.core.config.AppenderRef].
DEBUG StatusConsoleListener createAppenderRef(ref="STDOUT", level="null", Filter=null)
DEBUG StatusConsoleListener Building Plugin[name=root, class=org.apache.logging.log4j.core.config.LoggerConfig$RootLogger].
DEBUG StatusConsoleListener LoggerConfig$RootLogger$Builder(additivity="null", level="DEBUG", levelAndRefs="null", includeLocation="null", ={STDOUT}, ={}, Configuration(RoutingTest), Filter=null)
DEBUG StatusConsoleListener Building Plugin[name=loggers, class=org.apache.logging.log4j.core.config.LoggersPlugin].
DEBUG StatusConsoleListener createLoggers(={EventLogger, root})
DEBUG StatusConsoleListener Configuration XmlConfiguration[location=C:\Users\ashin\eclipse-workspace\Reassured_Petstore_project\target\test-classes\log4j2.xml] initialized
DEBUG StatusConsoleListener Starting configuration XmlConfiguration[location=C:\Users\ashin\eclipse-workspace\Reassured_Petstore_project\target\test-classes\log4j2.xml]
DEBUG StatusConsoleListener Started configuration XmlConfiguration[location=C:\Users\ashin\eclipse-workspace\Reassured_Petstore_project\target\test-classes\log4j2.xml] OK.
DEBUG StatusConsoleListener Shutting down OutputStreamManager SYSTEM_OUT.false.false-1
DEBUG StatusConsoleListener OutputStream closed
DEBUG StatusConsoleListener Shut down OutputStreamManager SYSTEM_OUT.false.false-1, all resources released: true
DEBUG StatusConsoleListener Appender DefaultConsole-1 stopped with status true
DEBUG StatusConsoleListener Stopped org.apache.logging.log4j.core.config.DefaultConfiguration@56b859a6 OK
DEBUG StatusConsoleListener Registering MBean org.apache.logging.log4j2:type=c387f44
DEBUG StatusConsoleListener Registering MBean org.apache.logging.log4j2:type=c387f44,component=StatusLogger
DEBUG StatusConsoleListener Registering MBean org.apache.logging.log4j2:type=c387f44,component=ContextSelector
DEBUG StatusConsoleListener Registering MBean org.apache.logging.log4j2:type=c387f44,component=Loggers,name=
DEBUG StatusConsoleListener Registering MBean org.apache.logging.log4j2:type=c387f44,component=Loggers,name=EventLogger
DEBUG StatusConsoleListener Registering MBean org.apache.logging.log4j2:type=c387f44,component=Appenders,name=STDOUT
DEBUG StatusConsoleListener Registering MBean org.apache.logging.log4j2:type=c387f44,component=Appenders,name=Routing
DEBUG StatusConsoleListener org.apache.logging.log4j.core.util.SystemClock supports precise timestamps.
DEBUG StatusConsoleListener Reconfiguration complete for context[name=c387f44] at URI C:\Users\ashin\eclipse-workspace\Reassured_Petstore_project\target\test-classes\log4j2.xml (org.apache.logging.log4j.core.LoggerContext@250b5e5b) with optional ClassLoader: null
DEBUG StatusConsoleListener Shutdown hook enabled. Registering a new one.
DEBUG StatusConsoleListener LoggerContext[name=c387f44, org.apache.logging.log4j.core.LoggerContext@250b5e5b] started OK.
********Creating user*******
HTTP/1.1 200 OK
Date: Wed, 17 May 2023 14:30:15 GMT
Content-Type: application/json
Transfer-Encoding: chunked
Connection: keep-alive
Access-Control-Allow-Origin: *
Access-Control-Allow-Methods: GET, POST, DELETE, PUT
Access-Control-Allow-Headers: Content-Type, api_key, Authorization
Server: Jetty(9.2.9.v20150224)

{
    "code": 200,
    "type": "unknown",
    "message": "645482568"
}
********User Created*******
]]></system-out>
    <system-err><![CDATA[SLF4J: Failed to load class "org.slf4j.impl.StaticLoggerBinder".
SLF4J: Defaulting to no-operation (NOP) logger implementation
SLF4J: See http://www.slf4j.org/codes.html#StaticLoggerBinder for further details.
]]></system-err>
  </testcase>
  <testcase name="testGetUserByName" classname="api.test.UserTests" time="1.292">
    <system-out><![CDATA[******** Reading user details*******
HTTP/1.1 200 OK
Date: Wed, 17 May 2023 14:30:16 GMT
Content-Type: application/json
Transfer-Encoding: chunked
Connection: keep-alive
Access-Control-Allow-Origin: *
Access-Control-Allow-Methods: GET, POST, DELETE, PUT
Access-Control-Allow-Headers: Content-Type, api_key, Authorization
Server: Jetty(9.2.9.v20150224)

{
    "id": 645482568,
    "username": "oren.graham",
    "firstName": "Franklin",
    "lastName": "Gislason",
    "email": "mike.powlowski@hotmail.com",
    "password": "c88r7",
    "phone": "(180) 053-6014",
    "userStatus": 0
}
********User details read by username*******
]]></system-out>
  </testcase>
</testsuite>